Path: s1 s1 aR aR s2 aR aR aR aR aL aL aR aR aR aR  (closed)
Path: s1 s1 aR aR s2 aR aR aR aL aR aR aL aR aR aR  (closed)
Path: s1 s1 aR aR aR s2 aR aR aR aL aR aR aR  (closed)
Path: s1 s1 aR aR aR aR s2 aR aR aR aR  (closed)
Path: s1 s1 aR aR aR aR s2 aR aL aR aR aR aR aR aL  (closed)
Path: s1 s1 aR aR aR aR s2 aL aR aR aR aR aR aL aR  (closed)
Path: s1 s1 aR aR aR aR aR aR s2 aL aL aL aL aL aL  (closed)
Path: s1 s1 aR aR aR aR aR aL s2 aR aR aR aR aR aL  (closed)
Path: s1 s1 aR aR aR aR aL aR s2 aR aR aR aR aL aR  (closed)
Path: s1 s1 aR aR aR aR aL aL aR aR aR aR s2 aR aR  (closed)
Path: s1 s1 aR aR aR aL aR aR s2 aR aR aR aL aR aR  (closed)
Path: s1 s1 aR aR aR aL aR aR aR s2 aR aR aR  (closed)
Path: s1 s1 aR aR aR aL aR aR aL aR aR aR s2 aR aR  (closed)
Path: s1 s1 aR aR aL aR aR aR s2 aR aR aL aR aR aR  (closed)
Path: s1 s1 aR aL aR aR aR aR s2 aR aL aR aR aR aR  (closed)
Path: s1 s1 aR aL aR aR aR aR aR aL s2 aR aR aR aR  (closed)
Path: s1 s1 aR aL aL aL aL aL s2 aR aL aL aL aL aL  (closed)
Path: s1 s1 aR aL aL aL aL aL aR aL s2 aL aL aL aL  (closed)
Path: s1 aR aR aR aR s1 aR aR aR aR  (closed)
Path: s1 aR aR aR aR s1 aR aL aR aR aR aR aR aL  (closed)
Path: s1 aR aR aR aR s1 aL aR aR aR aR aR aL aR  (closed)
Path: s1 aR aR aR aR s2 aR aL aR aR aR aR s1 aR aL  (closed)
Path: s1 aR aR aR aR s2 aL aR aR aR aR aR s1 aL aR  (closed)
Path: s1 aR aR aR aR aR aL s1 aR aR aR aR aR aL  (closed)
Path: s1 aR aR aR aR aR aL s2 aR aR aR aR s1 aR aL  (closed)
Path: s1 aR aR aR aR aL aR s1 aR aR aR aR aL aR  (closed)
Path: s1 aR aR aR aR aL aR s2 aR aR aR aR s1 aL aR  (closed)
Path: s1 aR aR aR aL aR aR s1 aR aR aR aL aR aR  (closed)
Path: s1 aR aR aL aR aR aR s1 aR aR aL aR aR aR  (closed)
Path: s1 aR aL aR aR aR aR s1 aR aL aR aR aR aR  (closed)
Path: s1 aR aL aL aL aL aL s1 aR aL aL aL aL aL  (closed)
Path: aR aR aR aR aR aR aR aR  (closed)
Path: aR aR aR aR aR aL aR aR aR aR aR aL  (closed)
